Initializing document watcher...
Document watcher initialized
a20490715/proyecto/server.js: {}
a20490715/proyecto/server.js: {}
a20490715/proyecto/server.js: {}
a20490715/proyecto/server.js: {}
a20490715/proyecto/server.js: {}
vscode.git.Git: {}
a20490715/proyecto/server.js: {}
a20490715/proyecto/server.js: {}
vscode.git.Git: {}
a20490715/proyecto/server.js: {}
vscode.git.Git: {}
a20490715/proyecto/server.js: {}
a20490715/proyecto/server.js: {}
a20490715/proyecto/server.js: {}
a20490715/.git/COMMIT_EDITMSG: {}
a20490715/.git/COMMIT_EDITMSG: {}
vscode.git.Git: {}
a20490715/.git/COMMIT_EDITMSG: {}
vscode.git.Git: {}
vscode.git.Git: {}
a20490715/.git/COMMIT_EDITMSG: {}
a20490715/.git/COMMIT_EDITMSG: {}
a20490715/.git/COMMIT_EDITMSG: {}
a20490715/.git/COMMIT_EDITMSG: {}
a20490715/.git/COMMIT_EDITMSG: {}
a20490715/.git/COMMIT_EDITMSG: {}
a20490715/.git/COMMIT_EDITMSG: {}
vscode.git.Git: {}
a20490715/.git/COMMIT_EDITMSG: {}
a20490715/.git/COMMIT_EDITMSG: {}
a20490715/.git/COMMIT_EDITMSG: {}
a20490715/.git/COMMIT_EDITMSG: {}
a20490715/.git/COMMIT_EDITMSG: {}
a20490715/.git/COMMIT_EDITMSG: {}
a20490715/.git/COMMIT_EDITMSG: {}
a20490715/.git/COMMIT_EDITMSG: {}
a20490715/.git/COMMIT_EDITMSG: {}
