Initializing document watcher...
Document watcher initialized
a20490715/proyect/server.js: {}
a20490715/proyect/server.js: {}
a20490715/proyect/package.json: {}
a20490715/proyect/package.json: {}
a20490715/proyect/package.json: {}
a20490715/proyect/package.json: {}
a20490715/proyect/package.json: Using EditorConfig core...
a20490715/proyect/package.json: {}
a20490715/proyect/server.js: {}
a20490715/proyect/server.js: {}
a20490715/proyect/package.json: {}
a20490715/proyect/server.js: {}
a20490715/proyect/package.json: {}
a20490715/proyect/server.js: {}
a20490715/proyect/server.js: {}
a20490715/proyect/server.js: {}
a20490715/proyect/server.js: Using EditorConfig core...
a20490715/proyect/server.js: {}
a20490715/proyect/server.js: {}
a20490715/proyect/server.js: {}
a20490715/proyect/server.js: Using EditorConfig core...
a20490715/proyect/server.js: Using EditorConfig core...
a20490715/proyect/server.js: Using EditorConfig core...
a20490715/proyect/server.js: Using EditorConfig core...
a20490715/proyect/server.js: {}
a20490715/proyect/package.json: {}
a20490715/proyect/package.json: {}
a20490715/proyect/package.json: {}
a20490715/proyect/server.js: {}
a20490715/proyect/server.js: Using EditorConfig core...
a20490715/proyect/server.js: {}
a20490715/proyect/server.js: {}
a20490715/proyect/server.js: {}
a20490715/proyect/server.js: {}
a20490715/proyect/server.js: {}
a20490715/proyect/server.js: {}
a20490715/proyect/server.js: {}
a20490715/proyect/package.json: {}
a20490715/proyect/server.js: {}
a20490715/proyect/server.js: Using EditorConfig core...
a20490715/proyect/server.js: Using EditorConfig core...
a20490715/proyect/server.js: {}
a20490715/proyect/package.json: {}
a20490715/proyect/server.js: {}
a20490715/proyect/server.js: {}
a20490715/proyect/server.js: Using EditorConfig core...
a20490715/proyect/server.js: Using EditorConfig core...
a20490715/proyect/server.js: Using EditorConfig core...
a20490715/proyect/server.js: Using EditorConfig core...
a20490715/proyect/server.js: {}
a20490715/proyect/server.js: Using EditorConfig core...
a20490715/proyect/server.js: {}
a20490715/proyect/server.js: Using EditorConfig core...
a20490715/proyect/server.js: Using EditorConfig core...
a20490715/proyect/server.js: {}
a20490715/proyect/server.js: {}
a20490715/proyect/server.js: Using EditorConfig core...
a20490715/proyect/server.js: Using EditorConfig core...
a20490715/proyect/server.js: Using EditorConfig core...
a20490715/proyect/server.js: Using EditorConfig core...
a20490715/proyect/server.js: {}
a20490715/proyect/server.js: {}
a20490715/proyect/server.js: Using EditorConfig core...
a20490715/proyect/server.js: Using EditorConfig core...
a20490715/proyect/server.js: {}
a20490715/proyect/server.js: Using EditorConfig core...
a20490715/proyect/server.js: {}
a20490715/proyect/server.js: Using EditorConfig core...
a20490715/proyect/server.js: Using EditorConfig core...
a20490715/proyect/server.js: Using EditorConfig core...
a20490715/proyect/server.js: Using EditorConfig core...
a20490715/proyect/server.js: Using EditorConfig core...
a20490715/proyect/server.js: Using EditorConfig core...
a20490715/proyect/server.js: Using EditorConfig core...
a20490715/proyect/server.js: Using EditorConfig core...
a20490715/proyect/package.json: {}
a20490715/gcloud auth list: {}
a20490715/proyect/server.js: {}
a20490715/proyect/server.js: Using EditorConfig core...
a20490715/proyect/server.js: Using EditorConfig core...
a20490715/proyect/server.js: Using EditorConfig core...
a20490715/proyect/server.js: Using EditorConfig core...
a20490715/proyect/server.js: Using EditorConfig core...
a20490715/proyect/server.js: Using EditorConfig core...
a20490715/proyect/server.js: Using EditorConfig core...
a20490715/proyect/server.js: Using EditorConfig core...
a20490715/proyect/server.js: Using EditorConfig core...
a20490715/proyect/server.js: Using EditorConfig core...
a20490715/proyect/server.js: Using EditorConfig core...
a20490715/proyect/server.js: {}
a20490715/proyect/server.js: {}
a20490715/proyect/server.js: {}
a20490715/proyect/server.js: {}
No more open editors.
No more open editors.
a20490715/proyect/server.js: {}
a20490715/proyect/package.json: {}
a20490715/proyect/package-lock.json: {}
a20490715/proyect/package.json: {}
a20490715/proyect/package.json: {}
a20490715/proyect/package.json: {}
a20490715/proyect/package-lock.json: {}
a20490715/proyect/package.json: {}
a20490715/proyect/server.js: {}
a20490715/proyect/server.js: {}
a20490715/proyect/server.js: Using EditorConfig core...
a20490715/proyect/server.js: Using EditorConfig core...
a20490715/proyect/server.js: {}
a20490715/proyect/server.js: Using EditorConfig core...
a20490715/proyect/node_modules/@types/express-serve-static-core/index.d.ts: {}
a20490715/proyect/server.js: {}
a20490715/proyect/server.js: Using EditorConfig core...
a20490715/proyect/package.json: {}
a20490715/gcloud auth list: {}
a20490715/proyect/server.js: {}
a20490715/proyect/package.json: {}
a20490715/proyect/package.json: Using EditorConfig core...
a20490715/gcloud auth list: {}
a20490715/proyect/server.js: {}
a20490715/proyect/server.js: Using EditorConfig core...
a20490715/proyect/server.js: Using EditorConfig core...
a20490715/proyect/server.js: Using EditorConfig core...
a20490715/proyect/server.js: Using EditorConfig core...
a20490715/proyect/server.js: Using EditorConfig core...
a20490715/proyect/server.js: Using EditorConfig core...
a20490715/proyect/server.js: Using EditorConfig core...
a20490715/proyect/server.js: Using EditorConfig core...
a20490715/proyect/server.js: Using EditorConfig core...
a20490715/proyect/server.js: Using EditorConfig core...
a20490715/proyect/server.js: {}
a20490715/proyect/server.js: {}
a20490715/gcloud auth list: {}
a20490715/proyect/server.js: {}
a20490715/gcloud auth list: {}
a20490715/proyect/server.js: {}
a20490715/proyect/package.json: {}
a20490715/proyect/server.js: {}
a20490715/proyect/server.js: Using EditorConfig core...
a20490715/proyect/package.json: {}
a20490715/proyect/package.json: Using EditorConfig core...
a20490715/proyect/package.json: {}
a20490715/proyect/server.js: {}
a20490715/proyect/server.js: {}
a20490715/proyect/server.js: {}
a20490715/proyect/server.js: {}
a20490715/proyect/server.js: {}
a20490715/proyect/server.js: {}
a20490715/proyect/server.js: Using EditorConfig core...
a20490715/proyect/server.js: {}
a20490715/proyect/server.js: {}
a20490715/proyect/package.json: {}
a20490715/proyect/server.js: {}
a20490715/proyect/package.json: {}
a20490715/proyect/server.js: {}
a20490715/proyect/server.js: {}
a20490715/proyect/server.js: Using EditorConfig core...
a20490715/proyect/server.js: {}
a20490715/proyect/server.js: {}
a20490715/proyect/server.js: Using EditorConfig core...
a20490715/proyect/server.js: {}
a20490715/proyect/server.js: Using EditorConfig core...
a20490715/proyect/server.js: {}
a20490715/proyect/server.js: {}
a20490715/proyect/server.js: Using EditorConfig core...
a20490715/proyect/server.js: {}
a20490715/proyect/server.js: Using EditorConfig core...
a20490715/proyect/server.js: {}
a20490715/proyect/server.js: Using EditorConfig core...
a20490715/proyect/server.js: {}
a20490715/proyect/server.js: Using EditorConfig core...
a20490715/proyect/server.js: Using EditorConfig core...
a20490715/proyect/server.js: Using EditorConfig core...
a20490715/proyect/server.js: Using EditorConfig core...
a20490715/proyect/server.js: {}
a20490715/proyect/server.js: {}
a20490715/proyect/server.js: {}
a20490715/proyect/server.js: {}
a20490715/proyect/server.js: Using EditorConfig core...
a20490715/proyect/server.js: Using EditorConfig core...
a20490715/proyect/server.js: Using EditorConfig core...
a20490715/proyect/server.js: {}
a20490715/proyect/server.js: Using EditorConfig core...
a20490715/proyect/server.js: {}
a20490715/proyect/server.js: {}
a20490715/proyect/server.js: Using EditorConfig core...
a20490715/proyect/server.js: {}
a20490715/proyect/server.js: Using EditorConfig core...
a20490715/proyect/server.js: {}
a20490715/proyect/server.js: {}
a20490715/proyect/server.js: {}
a20490715/proyect/package.json: {}
a20490715/proyect/server.js: {}
a20490715/proyect/server.js: Using EditorConfig core...
a20490715/proyect/server.js: {}
a20490715/proyect/server.js: {}
a20490715/proyect/server.js: {}
a20490715/proyect/server.js: {}
a20490715/proyect/server.js: {}
