2024-10-24 15:32:34.546 [info] Extension host with pid 1346 started
2024-10-24 15:32:34.769 [info] ExtensionService#_doActivateExtension vscode.git-base, startup: true, activationEvent: '*', root cause: vscode.git
2024-10-24 15:32:36.215 [error] No bundle location found for extension vscode.git-base
2024-10-24 15:32:36.221 [info] ExtensionService#_doActivateExtension vscode.git, startup: true, activationEvent: '*'
2024-10-24 15:32:36.221 [info] ExtensionService#_doActivateExtension vscode.github, startup: true, activationEvent: '*'
2024-10-24 15:32:36.608 [error] No bundle location found for extension vscode.github
2024-10-24 15:32:36.645 [warning] Using default string since no string found in i18n bundle that has the key: Log level: {0}
2024-10-24 15:32:36.832 [error] No bundle location found for extension vscode.git
2024-10-24 15:32:36.917 [warning] Using default string since no string found in i18n bundle that has the key: Log level: {0}
2024-10-24 15:32:36.929 [warning] Using default string since no string found in i18n bundle that has the key: Validating found git in: "{0}"
2024-10-24 15:32:36.955 [warning] Using default string since no string found in i18n bundle that has the key: Enables the following features: {0}
2024-10-24 15:32:36.956 [warning] Using default string since no string found in i18n bundle that has the key: Using git "{0}" from "{1}"
2024-10-24 15:32:36.967 [warning] Using default string since no string found in i18n bundle that has the key: Git History
2024-10-24 15:32:36.973 [warning] Using default string since no string found in i18n bundle that has the key: Copy vscode.dev Link
2024-10-24 15:32:36.974 [info] Eager extensions activated
2024-10-24 15:32:36.974 [info] ExtensionService#_doActivateExtension EditorConfig.EditorConfig, startup: false, activationEvent: 'onStartupFinished'
2024-10-24 15:32:36.974 [info] ExtensionService#_doActivateExtension google.cloud-shell, startup: false, activationEvent: 'onStartupFinished'
2024-10-24 15:32:36.975 [info] ExtensionService#_doActivateExtension googlecloudtools.cloudcode, startup: false, activationEvent: 'onStartupFinished'
2024-10-24 15:32:36.975 [info] ExtensionService#_doActivateExtension vscode.debug-auto-launch, startup: false, activationEvent: 'onStartupFinished'
2024-10-24 15:32:36.976 [info] ExtensionService#_doActivateExtension vscode.merge-conflict, startup: false, activationEvent: 'onStartupFinished'
2024-10-24 15:32:37.707 [error] No bundle location found for extension EditorConfig.EditorConfig
2024-10-24 15:32:37.725 [error] No bundle location found for extension google.cloud-shell
2024-10-24 15:32:37.826 [info] ExtensionService#_doActivateExtension vscode.json-language-features, startup: false, activationEvent: 'onLanguage:jsonc'
2024-10-24 15:32:37.827 [info] ExtensionService#_doActivateExtension vscode.typescript-language-features, startup: false, activationEvent: 'onLanguage:jsonc'
2024-10-24 15:32:37.827 [info] ExtensionService#_doActivateExtension vscode.emmet, startup: false, activationEvent: 'onLanguage'
2024-10-24 15:32:37.852 [error] No bundle location found for extension vscode.debug-auto-launch
2024-10-24 15:32:37.854 [warning] Using default string since no string found in i18n bundle that has the key: Auto Attach: Disabled
2024-10-24 15:32:37.855 [warning] Using default string since no string found in i18n bundle that has the key: Auto Attach: Always
2024-10-24 15:32:37.855 [warning] Using default string since no string found in i18n bundle that has the key: Auto Attach: Smart
2024-10-24 15:32:37.855 [warning] Using default string since no string found in i18n bundle that has the key: Auto Attach: With Flag
2024-10-24 15:32:37.855 [warning] Using default string since no string found in i18n bundle that has the key: Disabled
2024-10-24 15:32:37.855 [warning] Using default string since no string found in i18n bundle that has the key: Always
2024-10-24 15:32:37.855 [warning] Using default string since no string found in i18n bundle that has the key: Smart
2024-10-24 15:32:37.855 [warning] Using default string since no string found in i18n bundle that has the key: Only With Flag
2024-10-24 15:32:37.855 [warning] Using default string since no string found in i18n bundle that has the key: Auto attach is disabled and not shown in status bar
2024-10-24 15:32:37.855 [warning] Using default string since no string found in i18n bundle that has the key: Auto attach to every Node.js process launched in the terminal
2024-10-24 15:32:37.855 [warning] Using default string since no string found in i18n bundle that has the key: Auto attach when running scripts that aren't in a node_modules folder
2024-10-24 15:32:37.855 [warning] Using default string since no string found in i18n bundle that has the key: Only auto attach when the `--inspect` flag is given
2024-10-24 15:32:37.855 [warning] Using default string since no string found in i18n bundle that has the key: Toggle auto attach in this workspace
2024-10-24 15:32:37.855 [warning] Using default string since no string found in i18n bundle that has the key: Toggle auto attach on this machine
2024-10-24 15:32:37.855 [warning] Using default string since no string found in i18n bundle that has the key: Temporarily disable auto attach in this session
2024-10-24 15:32:37.855 [warning] Using default string since no string found in i18n bundle that has the key: Re-enable auto attach
2024-10-24 15:32:37.855 [warning] Using default string since no string found in i18n bundle that has the key: Auto Attach: Disabled
2024-10-24 15:32:37.867 [error] No bundle location found for extension vscode.merge-conflict
2024-10-24 15:32:37.894 [warning] Using default string since no string found in i18n bundle that has the key: (Current Change)
2024-10-24 15:32:37.895 [warning] Using default string since no string found in i18n bundle that has the key: (Incoming Change)
2024-10-24 15:32:38.010 [error] No bundle location found for extension googlecloudtools.cloudcode
2024-10-24 15:32:40.175 [error] No bundle location found for extension vscode.emmet
2024-10-24 15:32:40.175 [error] No bundle location found for extension vscode.typescript-language-features
2024-10-24 15:32:40.175 [error] No bundle location found for extension vscode.json-language-features
2024-10-24 15:32:40.270 [warning] Using default string since no string found in i18n bundle that has the key: Learn more about managing TypeScript versions
2024-10-24 15:32:40.348 [warning] Using default string since no string found in i18n bundle that has the key: Configure
2024-10-24 15:32:40.348 [warning] Using default string since no string found in i18n bundle that has the key: JSON Language Server
2024-10-24 15:32:40.402 [warning] Using default string since no string found in i18n bundle that has the key: JSON: Schema Resolution Error
2024-10-24 15:32:40.614 [warning] Using default string since no string found in i18n bundle that has the key: Unable to resolve schema. Click to retry.
2024-10-24 15:32:40.614 [warning] Using default string since no string found in i18n bundle that has the key: JSON Validation Status
2024-10-24 15:32:40.615 [warning] Using default string since no string found in i18n bundle that has the key: Unable to compute used schemas: No document
2024-10-24 15:32:44.173 [warning] Using default string since no string found in i18n bundle that has the key: (Current Change)
2024-10-24 15:32:44.173 [warning] Using default string since no string found in i18n bundle that has the key: (Incoming Change)
2024-10-24 15:32:56.492 [info] Extension host terminating: received terminate message from renderer
2024-10-24 15:32:56.517 [info] Extension host with pid 1346 exiting with code 0
