2024-10-24 07:11:39.068 [info] Log level: Info
2024-10-24 07:11:39.068 [info] Validating found git in: "git"
2024-10-24 07:11:39.068 [info] Using git "2.43.0" from "git"
2024-10-24 07:11:39.068 [info] > git rev-parse --show-toplevel [56ms]
2024-10-24 07:11:39.068 [info] fatal: not a git repository (or any parent up to mount point /)
Stopping at filesystem boundary (GIT_DISCOVERY_ACROSS_FILESYSTEM not set).
2024-10-24 07:11:39.068 [info] > git rev-parse --show-toplevel [2ms]
2024-10-24 07:11:39.068 [info] fatal: not a git repository (or any parent up to mount point /)
Stopping at filesystem boundary (GIT_DISCOVERY_ACROSS_FILESYSTEM not set).
2024-10-24 07:11:39.068 [info] > git rev-parse --show-toplevel [4ms]
2024-10-24 07:11:39.068 [info] fatal: not a git repository (or any parent up to mount point /)
Stopping at filesystem boundary (GIT_DISCOVERY_ACROSS_FILESYSTEM not set).
2024-10-24 07:11:39.077 [info] > git rev-parse --show-toplevel [1ms]
2024-10-24 07:11:39.077 [info] fatal: not a git repository (or any parent up to mount point /)
Stopping at filesystem boundary (GIT_DISCOVERY_ACROSS_FILESYSTEM not set).
2024-10-24 07:11:39.092 [info] > git rev-parse --show-toplevel [6ms]
2024-10-24 07:11:39.092 [info] fatal: not a git repository (or any parent up to mount point /)
Stopping at filesystem boundary (GIT_DISCOVERY_ACROSS_FILESYSTEM not set).
2024-10-24 07:11:39.103 [info] > git rev-parse --show-toplevel [3ms]
2024-10-24 07:11:39.103 [info] fatal: not a git repository (or any parent up to mount point /)
Stopping at filesystem boundary (GIT_DISCOVERY_ACROSS_FILESYSTEM not set).
2024-10-24 07:11:39.115 [info] > git rev-parse --show-toplevel [2ms]
2024-10-24 07:11:39.115 [info] fatal: not a git repository (or any parent up to mount point /)
Stopping at filesystem boundary (GIT_DISCOVERY_ACROSS_FILESYSTEM not set).
2024-10-24 07:11:39.125 [info] > git rev-parse --show-toplevel [2ms]
2024-10-24 07:11:39.126 [info] fatal: not a git repository (or any parent up to mount point /)
Stopping at filesystem boundary (GIT_DISCOVERY_ACROSS_FILESYSTEM not set).
