0 verbose cli /usr/local/nvm/versions/node/v20.18.0/bin/node /usr/local/nvm/versions/node/v20.18.0/bin/npm
1 info using npm@10.9.0
2 info using node@v20.18.0
3 silly config load:file:/usr/local/nvm/versions/node/v20.18.0/lib/node_modules/npm/npmrc
4 silly config load:file:/home/a20490715/.cache/typescript/5.4/.npmrc
5 silly config load:file:/home/a20490715/.npmrc
6 silly config load:file:/usr/local/nvm/versions/node/v20.18.0/etc/npmrc
7 verbose title npm install @types/body-parser@ts5.4 @types/express@ts5.4
8 verbose argv "install" "--ignore-scripts" "@types/body-parser@ts5.4" "@types/express@ts5.4" "--save-dev" "--user-agent" "typesInstaller/5.4.5"
9 verbose logfile logs-max:10 dir:/home/a20490715/.npm/_logs/2024-10-28T14_45_37_145Z-
10 verbose logfile /home/a20490715/.npm/_logs/2024-10-28T14_45_37_145Z-debug-0.log
11 silly logfile start cleaning logs, removing 1 files
12 silly logfile done cleaning log files
13 silly packumentCache heap:4345298944 maxSize:1086324736 maxEntrySize:543162368
14 silly packumentCache corgi:https://registry.npmjs.org/@types%2fbody-parser cache-miss
15 silly packumentCache corgi:https://registry.npmjs.org/@types%2fexpress cache-miss
16 http fetch GET 200 https://registry.npmjs.org/@types%2fexpress 191ms (cache revalidated)
17 silly packumentCache corgi:https://registry.npmjs.org/@types%2fexpress set size:47900 disposed:false
18 http fetch GET 200 https://registry.npmjs.org/@types%2fbody-parser 210ms (cache miss)
19 silly packumentCache corgi:https://registry.npmjs.org/@types%2fbody-parser set size:undefined disposed:false
20 silly idealTree buildDeps
21 silly fetch manifest @types/express@5.0.0
22 silly packumentCache full:https://registry.npmjs.org/@types%2fexpress cache-miss
23 http fetch GET 200 https://registry.npmjs.org/@types%2fexpress 51ms (cache revalidated)
24 silly packumentCache full:https://registry.npmjs.org/@types%2fexpress set size:92801 disposed:false
25 silly fetch manifest @types/body-parser@1.19.5
26 silly packumentCache full:https://registry.npmjs.org/@types%2fbody-parser cache-miss
27 http fetch GET 200 https://registry.npmjs.org/@types%2fbody-parser 45ms (cache revalidated)
28 silly packumentCache full:https://registry.npmjs.org/@types%2fbody-parser set size:57112 disposed:false
29 silly placeDep ROOT @types/body-parser@1.19.5 REPLACE for:  want: 1.19.5
30 silly placeDep ROOT @types/express@5.0.0 REPLACE for:  want: 5.0.0
31 silly reify moves {}
32 silly audit bulk request {
32 silly audit   '@types/connect': [ '3.4.38' ],
32 silly audit   '@types/express-serve-static-core': [ '5.0.0' ],
32 silly audit   '@types/http-errors': [ '2.0.4' ],
32 silly audit   '@types/mime': [ '1.3.5' ],
32 silly audit   '@types/node': [ '22.7.9' ],
32 silly audit   '@types/qs': [ '6.9.16' ],
32 silly audit   '@types/range-parser': [ '1.2.7' ],
32 silly audit   '@types/send': [ '0.17.4' ],
32 silly audit   '@types/serve-static': [ '1.15.7' ],
32 silly audit   'types-registry': [ '0.1.692' ],
32 silly audit   'undici-types': [ '6.19.8' ],
32 silly audit   '@types/body-parser': [ '1.19.5' ],
32 silly audit   '@types/express': [ '5.0.0' ]
32 silly audit }
33 http fetch POST 200 https://registry.npmjs.org/-/npm/v1/security/advisories/bulk 63ms
34 silly audit report {}
35 verbose cwd /home/a20490715/.cache/typescript/5.4
36 verbose os Linux 6.1.100+
37 verbose node v20.18.0
38 verbose npm  v10.9.0
39 verbose exit 0
40 info ok
