0 verbose cli /usr/local/nvm/versions/node/v20.18.0/bin/node /usr/local/nvm/versions/node/v20.18.0/bin/npm
1 info using npm@10.9.0
2 info using node@v20.18.0
3 silly config load:file:/usr/local/nvm/versions/node/v20.18.0/lib/node_modules/npm/npmrc
4 silly config load:file:/home/a20490715/.cache/typescript/5.4/.npmrc
5 silly config load:file:/home/a20490715/.npmrc
6 silly config load:file:/usr/local/nvm/versions/node/v20.18.0/etc/npmrc
7 verbose title npm install types-registry@latest
8 verbose argv "install" "--ignore-scripts" "types-registry@latest"
9 verbose logfile logs-max:10 dir:/home/a20490715/.npm/_logs/2024-10-28T14_45_35_011Z-
10 verbose logfile /home/a20490715/.npm/_logs/2024-10-28T14_45_35_011Z-debug-0.log
11 silly logfile start cleaning logs, removing 2 files
12 silly packumentCache heap:4345298944 maxSize:1086324736 maxEntrySize:543162368
13 silly logfile done cleaning log files
14 silly packumentCache corgi:https://registry.npmjs.org/types-registry cache-miss
15 http fetch GET 200 https://registry.npmjs.org/types-registry 233ms (cache updated)
16 silly packumentCache corgi:https://registry.npmjs.org/types-registry set size:undefined disposed:false
17 silly idealTree buildDeps
18 silly fetch manifest types-registry@0.1.692
19 silly packumentCache full:https://registry.npmjs.org/types-registry cache-miss
20 http fetch GET 200 https://registry.npmjs.org/types-registry 65ms (cache updated)
21 silly packumentCache full:https://registry.npmjs.org/types-registry set size:undefined disposed:false
22 silly placeDep ROOT types-registry@0.1.692 REPLACE for:  want: 0.1.692
23 silly reify mark retired [ '/home/a20490715/.cache/typescript/5.4/node_modules/types-registry' ]
24 silly reify moves {
24 silly reify   '/home/a20490715/.cache/typescript/5.4/node_modules/types-registry': '/home/a20490715/.cache/typescript/5.4/node_modules/.types-registry-INB0SJby'
24 silly reify }
25 silly audit bulk request {
25 silly audit   '@types/body-parser': [ '1.19.5' ],
25 silly audit   '@types/connect': [ '3.4.38' ],
25 silly audit   '@types/express': [ '5.0.0' ],
25 silly audit   '@types/express-serve-static-core': [ '5.0.0' ],
25 silly audit   '@types/http-errors': [ '2.0.4' ],
25 silly audit   '@types/mime': [ '1.3.5' ],
25 silly audit   '@types/node': [ '22.7.9' ],
25 silly audit   '@types/qs': [ '6.9.16' ],
25 silly audit   '@types/range-parser': [ '1.2.7' ],
25 silly audit   '@types/send': [ '0.17.4' ],
25 silly audit   '@types/serve-static': [ '1.15.7' ],
25 silly audit   'undici-types': [ '6.19.8' ],
25 silly audit   'types-registry': [ '0.1.692' ]
25 silly audit }
26 silly tarball no local data for types-registry@https://registry.npmjs.org/types-registry/-/types-registry-0.1.692.tgz. Extracting by manifest.
27 http fetch POST 200 https://registry.npmjs.org/-/npm/v1/security/advisories/bulk 55ms
28 silly audit report {}
29 http fetch GET 200 https://registry.npmjs.org/types-registry/-/types-registry-0.1.692.tgz 129ms (cache miss)
30 silly CHANGE node_modules/types-registry
31 verbose cwd /home/a20490715/.cache/typescript/5.4
32 verbose os Linux 6.1.100+
33 verbose node v20.18.0
34 verbose npm  v10.9.0
35 verbose exit 0
36 info ok
