2024-10-28 14:45:17.152 [info] Extension host with pid 1216 started
2024-10-28 14:45:17.166 [info] Lock '/home/a20490715/.codeoss/data/User/workspaceStorage/5dfaec63/vscode.lock': Lock acquired.
2024-10-28 14:45:17.709 [info] ExtensionService#_doActivateExtension vscode.typescript-language-features, startup: false, activationEvent: 'onLanguage:javascript'
2024-10-28 14:45:17.711 [info] ExtensionService#_doActivateExtension vscode.emmet, startup: false, activationEvent: 'onLanguage'
2024-10-28 14:45:18.712 [info] ExtensionService#_doActivateExtension vscode.git-base, startup: true, activationEvent: '*', root cause: vscode.git
2024-10-28 14:45:19.504 [error] No bundle location found for extension vscode.typescript-language-features
2024-10-28 14:45:19.591 [warning] Using default string since no string found in i18n bundle that has the key: Learn more about managing TypeScript versions
2024-10-28 14:45:19.637 [warning] Using default string since no string found in i18n bundle that has the key: TypeScript Version
2024-10-28 14:45:19.637 [warning] Using default string since no string found in i18n bundle that has the key: TypeScript Version
2024-10-28 14:45:19.638 [warning] Using default string since no string found in i18n bundle that has the key: TypeScript: Configure Excludes
2024-10-28 14:45:19.666 [warning] Using default string since no string found in i18n bundle that has the key: Select Version
2024-10-28 14:45:19.680 [warning] Using default string since no string found in i18n bundle that has the key: JS/TS IntelliSense Status
2024-10-28 14:45:19.680 [warning] Using default string since no string found in i18n bundle that has the key: Loading IntelliSense status
2024-10-28 14:45:19.688 [warning] Using default string since no string found in i18n bundle that has the key: Could not determine references
2024-10-28 14:45:19.697 [warning] Using default string since no string found in i18n bundle that has the key: Enables semantic checking in a JavaScript file. Must be at the top of a file.
2024-10-28 14:45:19.697 [warning] Using default string since no string found in i18n bundle that has the key: Disables semantic checking in a JavaScript file. Must be at the top of a file.
2024-10-28 14:45:19.697 [warning] Using default string since no string found in i18n bundle that has the key: Suppresses @ts-check errors on the next line of a file.
2024-10-28 14:45:19.697 [warning] Using default string since no string found in i18n bundle that has the key: Suppresses @ts-check errors on the next line of a file, expecting at least one to exist.
2024-10-28 14:45:19.711 [warning] Using default string since no string found in i18n bundle that has the key: Organize Imports
2024-10-28 14:45:19.712 [warning] Using default string since no string found in i18n bundle that has the key: Sort Imports
2024-10-28 14:45:19.712 [warning] Using default string since no string found in i18n bundle that has the key: Remove Unused Imports
2024-10-28 14:45:19.716 [warning] Using default string since no string found in i18n bundle that has the key: Learn more about JS/TS refactorings
2024-10-28 14:45:21.020 [error] No bundle location found for extension vscode.git-base
2024-10-28 14:45:21.026 [info] ExtensionService#_doActivateExtension vscode.git, startup: true, activationEvent: '*'
2024-10-28 14:45:21.026 [info] ExtensionService#_doActivateExtension vscode.github, startup: true, activationEvent: '*'
2024-10-28 14:45:21.088 [error] No bundle location found for extension vscode.emmet
2024-10-28 14:45:21.525 [error] No bundle location found for extension vscode.git
2024-10-28 14:45:21.526 [error] No bundle location found for extension vscode.github
2024-10-28 14:45:21.658 [warning] Using default string since no string found in i18n bundle that has the key: Log level: {0}
2024-10-28 14:45:21.661 [warning] Using default string since no string found in i18n bundle that has the key: Validating found git in: "{0}"
2024-10-28 14:45:21.671 [warning] Using default string since no string found in i18n bundle that has the key: Log level: {0}
2024-10-28 14:45:21.697 [warning] Using default string since no string found in i18n bundle that has the key: Enables the following features: {0}
2024-10-28 14:45:21.697 [warning] Using default string since no string found in i18n bundle that has the key: Using git "{0}" from "{1}"
2024-10-28 14:45:21.712 [warning] Using default string since no string found in i18n bundle that has the key: Git History
2024-10-28 14:45:21.716 [warning] Using default string since no string found in i18n bundle that has the key: Copy vscode.dev Link
2024-10-28 14:45:22.365 [info] ExtensionService#_doActivateExtension redhat.fabric8-analytics, startup: true, activationEvent: 'workspaceContains:**/package.json,**/pom.xml,**/go.mod,**/requirements.txt'
2024-10-28 14:45:22.756 [error] No bundle location found for extension redhat.fabric8-analytics
2024-10-28 14:45:23.053 [info] Eager extensions activated
2024-10-28 14:45:23.054 [info] ExtensionService#_doActivateExtension EditorConfig.EditorConfig, startup: false, activationEvent: 'onStartupFinished'
2024-10-28 14:45:23.054 [info] ExtensionService#_doActivateExtension google.cloud-shell, startup: false, activationEvent: 'onStartupFinished'
2024-10-28 14:45:23.055 [info] ExtensionService#_doActivateExtension googlecloudtools.cloudcode, startup: false, activationEvent: 'onStartupFinished'
2024-10-28 14:45:23.055 [info] ExtensionService#_doActivateExtension vscode.debug-auto-launch, startup: false, activationEvent: 'onStartupFinished'
2024-10-28 14:45:23.056 [info] ExtensionService#_doActivateExtension vscode.merge-conflict, startup: false, activationEvent: 'onStartupFinished'
2024-10-28 14:45:23.491 [error] No bundle location found for extension googlecloudtools.cloudcode
2024-10-28 14:45:25.844 [error] No bundle location found for extension EditorConfig.EditorConfig
2024-10-28 14:45:25.844 [error] No bundle location found for extension google.cloud-shell
2024-10-28 14:45:25.844 [error] No bundle location found for extension vscode.debug-auto-launch
2024-10-28 14:45:25.844 [error] No bundle location found for extension vscode.merge-conflict
2024-10-28 14:45:25.927 [warning] Using default string since no string found in i18n bundle that has the key: Auto Attach: Disabled
2024-10-28 14:45:25.927 [warning] Using default string since no string found in i18n bundle that has the key: Auto Attach: Always
2024-10-28 14:45:25.927 [warning] Using default string since no string found in i18n bundle that has the key: Auto Attach: Smart
2024-10-28 14:45:25.927 [warning] Using default string since no string found in i18n bundle that has the key: Auto Attach: With Flag
2024-10-28 14:45:25.927 [warning] Using default string since no string found in i18n bundle that has the key: Disabled
2024-10-28 14:45:25.927 [warning] Using default string since no string found in i18n bundle that has the key: Always
2024-10-28 14:45:25.927 [warning] Using default string since no string found in i18n bundle that has the key: Smart
2024-10-28 14:45:25.927 [warning] Using default string since no string found in i18n bundle that has the key: Only With Flag
2024-10-28 14:45:25.927 [warning] Using default string since no string found in i18n bundle that has the key: Auto attach is disabled and not shown in status bar
2024-10-28 14:45:25.927 [warning] Using default string since no string found in i18n bundle that has the key: Auto attach to every Node.js process launched in the terminal
2024-10-28 14:45:25.927 [warning] Using default string since no string found in i18n bundle that has the key: Auto attach when running scripts that aren't in a node_modules folder
2024-10-28 14:45:25.927 [warning] Using default string since no string found in i18n bundle that has the key: Only auto attach when the `--inspect` flag is given
2024-10-28 14:45:25.927 [warning] Using default string since no string found in i18n bundle that has the key: Toggle auto attach in this workspace
2024-10-28 14:45:25.927 [warning] Using default string since no string found in i18n bundle that has the key: Toggle auto attach on this machine
2024-10-28 14:45:25.927 [warning] Using default string since no string found in i18n bundle that has the key: Temporarily disable auto attach in this session
2024-10-28 14:45:25.927 [warning] Using default string since no string found in i18n bundle that has the key: Re-enable auto attach
2024-10-28 14:45:25.927 [warning] Using default string since no string found in i18n bundle that has the key: Auto Attach: Disabled
2024-10-28 14:45:25.965 [warning] Using default string since no string found in i18n bundle that has the key: (Current Change)
2024-10-28 14:45:25.966 [warning] Using default string since no string found in i18n bundle that has the key: (Incoming Change)
2024-10-28 14:45:26.041 [info] ExtensionService#_doActivateExtension vscode.json-language-features, startup: false, activationEvent: 'onLanguage:jsonc'
2024-10-28 14:45:26.746 [error] No bundle location found for extension vscode.json-language-features
2024-10-28 14:45:26.845 [warning] Using default string since no string found in i18n bundle that has the key: Configure
2024-10-28 14:45:26.845 [warning] Using default string since no string found in i18n bundle that has the key: JSON Language Server
2024-10-28 14:45:26.919 [warning] Using default string since no string found in i18n bundle that has the key: JSON: Schema Resolution Error
2024-10-28 14:45:27.240 [warning] Using default string since no string found in i18n bundle that has the key: Unable to resolve schema. Click to retry.
2024-10-28 14:45:27.240 [warning] Using default string since no string found in i18n bundle that has the key: JSON Validation Status
2024-10-28 14:45:27.241 [warning] Using default string since no string found in i18n bundle that has the key: Loading JSON info
2024-10-28 14:45:27.610 [warning] Using default string since no string found in i18n bundle that has the key: No Schema Validation
2024-10-28 14:45:27.610 [warning] Using default string since no string found in i18n bundle that has the key: no JSON schema configured
2024-10-28 14:45:27.610 [warning] Using default string since no string found in i18n bundle that has the key: Show Schemas
2024-10-28 14:45:34.528 [warning] Using default string since no string found in i18n bundle that has the key: No jsconfig
2024-10-28 14:45:34.528 [warning] Using default string since no string found in i18n bundle that has the key: Configure jsconfig
2024-10-28 14:45:37.048 [warning] Using default string since no string found in i18n bundle that has the key: Fetching data for better TypeScript IntelliSense
2024-10-28 15:18:20.423 [info] Extension host terminating: renderer disconnected for too long (2)
2024-10-28 15:18:20.424 [info] Lock '/home/a20490715/.codeoss/data/User/workspaceStorage/5dfaec63/vscode.lock': Marking the lockfile as scheduled to be released in 6000 ms.
2024-10-28 15:18:20.455 [info] Extension host with pid 1216 exiting with code 0
