Initializing document watcher...
Document watcher initialized
proyect/package.json: {}
proyect/server.js: {}
proyect/server.js: Using EditorConfig core...
proyect/server.js: {}
proyect/server.js: {}
proyect/server.js: {}
proyect/server.js: {}
proyect/firebaseConfig: {}
proyect/firebaseConfig: {}
proyect/firebaseConfig: {}
proyect/firebaseConfig: {}
proyect/firebaseConfig: {}
proyect/firebaseConfig.js: {}
proyect/firebaseConfig.js: Using EditorConfig core...
proyect/firebaseConfig.js: {}
proyect/server.js: {}
proyect/server.js: Using EditorConfig core...
proyect/firebaseConfig.js: {}
proyect/firebaseConfig.js: {}
proyect/firebaseConfig.js: Using EditorConfig core...
proyect/firebaseConfig.js: {}
proyect/firebaseConfig.js: {}
proyect/firebaseConfig.js: {}
proyect/firebaseConfig.js: {}
proyect/package-lock.json: {}
proyect/nodejs-af02a-firebase-adminsdk-ghoen-cdc96df3d4.json: {}
proyect/firebaseConfig.js: {}
proyect/firebaseConfig.js: {}
proyect/firebaseConfig.js: Using EditorConfig core...
proyect/firebaseConfig.js: {}
proyect/nodejs-af02a-firebase-adminsdk-ghoen-cdc96df3d4.json: {}
proyect/firebaseConfig.js: {}
proyect/nodejs-af02a-firebase-adminsdk-ghoen-cdc96df3d4.json: {}
proyect/serviceAccountKey.json: {}
proyect/firebaseConfig.js: {}
proyect/firebaseConfig.js: {}
proyect/package-lock.json: {}
proyect/serviceAccountKey.json: {}
proyect/package.json: {}
proyect/server.js: {}
proyect/server.js: {}
proyect/server.js: Using EditorConfig core...
