2024-10-24 07:06:11.564 [info] Extension host with pid 1234 started
2024-10-24 07:06:11.587 [info] Lock '/home/a20490715/.codeoss/data/User/workspaceStorage/5dfaec63/vscode.lock': Lock acquired.
2024-10-24 07:06:11.786 [info] ExtensionService#_doActivateExtension vscode.emmet, startup: false, activationEvent: 'onLanguage'
2024-10-24 07:06:12.789 [info] ExtensionService#_doActivateExtension vscode.git-base, startup: true, activationEvent: '*', root cause: vscode.git
2024-10-24 07:06:13.405 [error] No bundle location found for extension vscode.git-base
2024-10-24 07:06:13.405 [error] No bundle location found for extension vscode.emmet
2024-10-24 07:06:13.465 [info] ExtensionService#_doActivateExtension vscode.git, startup: true, activationEvent: '*'
2024-10-24 07:06:13.465 [info] ExtensionService#_doActivateExtension vscode.github, startup: true, activationEvent: '*'
2024-10-24 07:06:13.832 [error] No bundle location found for extension vscode.github
2024-10-24 07:06:13.872 [warning] Using default string since no string found in i18n bundle that has the key: Log level: {0}
2024-10-24 07:06:13.875 [error] No bundle location found for extension vscode.git
2024-10-24 07:06:13.969 [warning] Using default string since no string found in i18n bundle that has the key: Log level: {0}
2024-10-24 07:06:13.972 [warning] Using default string since no string found in i18n bundle that has the key: Validating found git in: "{0}"
2024-10-24 07:06:14.008 [warning] Using default string since no string found in i18n bundle that has the key: Enables the following features: {0}
2024-10-24 07:06:14.008 [warning] Using default string since no string found in i18n bundle that has the key: Using git "{0}" from "{1}"
2024-10-24 07:06:14.022 [warning] Using default string since no string found in i18n bundle that has the key: Git History
2024-10-24 07:06:14.028 [warning] Using default string since no string found in i18n bundle that has the key: Copy vscode.dev Link
2024-10-24 07:06:14.028 [info] Eager extensions activated
2024-10-24 07:06:14.029 [info] ExtensionService#_doActivateExtension EditorConfig.EditorConfig, startup: false, activationEvent: 'onStartupFinished'
2024-10-24 07:06:14.030 [info] ExtensionService#_doActivateExtension google.cloud-shell, startup: false, activationEvent: 'onStartupFinished'
2024-10-24 07:06:14.030 [info] ExtensionService#_doActivateExtension googlecloudtools.cloudcode, startup: false, activationEvent: 'onStartupFinished'
2024-10-24 07:06:14.031 [info] ExtensionService#_doActivateExtension vscode.debug-auto-launch, startup: false, activationEvent: 'onStartupFinished'
2024-10-24 07:06:14.031 [info] ExtensionService#_doActivateExtension vscode.merge-conflict, startup: false, activationEvent: 'onStartupFinished'
2024-10-24 07:06:14.418 [error] No bundle location found for extension EditorConfig.EditorConfig
2024-10-24 07:06:14.539 [error] No bundle location found for extension google.cloud-shell
2024-10-24 07:06:14.539 [error] No bundle location found for extension vscode.debug-auto-launch
2024-10-24 07:06:14.570 [warning] Using default string since no string found in i18n bundle that has the key: Auto Attach: Disabled
2024-10-24 07:06:14.570 [warning] Using default string since no string found in i18n bundle that has the key: Auto Attach: Always
2024-10-24 07:06:14.570 [warning] Using default string since no string found in i18n bundle that has the key: Auto Attach: Smart
2024-10-24 07:06:14.570 [warning] Using default string since no string found in i18n bundle that has the key: Auto Attach: With Flag
2024-10-24 07:06:14.570 [warning] Using default string since no string found in i18n bundle that has the key: Disabled
2024-10-24 07:06:14.570 [warning] Using default string since no string found in i18n bundle that has the key: Always
2024-10-24 07:06:14.570 [warning] Using default string since no string found in i18n bundle that has the key: Smart
2024-10-24 07:06:14.570 [warning] Using default string since no string found in i18n bundle that has the key: Only With Flag
2024-10-24 07:06:14.570 [warning] Using default string since no string found in i18n bundle that has the key: Auto attach is disabled and not shown in status bar
2024-10-24 07:06:14.570 [warning] Using default string since no string found in i18n bundle that has the key: Auto attach to every Node.js process launched in the terminal
2024-10-24 07:06:14.570 [warning] Using default string since no string found in i18n bundle that has the key: Auto attach when running scripts that aren't in a node_modules folder
2024-10-24 07:06:14.570 [warning] Using default string since no string found in i18n bundle that has the key: Only auto attach when the `--inspect` flag is given
2024-10-24 07:06:14.570 [warning] Using default string since no string found in i18n bundle that has the key: Toggle auto attach in this workspace
2024-10-24 07:06:14.570 [warning] Using default string since no string found in i18n bundle that has the key: Toggle auto attach on this machine
2024-10-24 07:06:14.570 [warning] Using default string since no string found in i18n bundle that has the key: Temporarily disable auto attach in this session
2024-10-24 07:06:14.570 [warning] Using default string since no string found in i18n bundle that has the key: Re-enable auto attach
2024-10-24 07:06:14.570 [warning] Using default string since no string found in i18n bundle that has the key: Auto Attach: Disabled
2024-10-24 07:06:14.575 [error] No bundle location found for extension googlecloudtools.cloudcode
2024-10-24 07:06:16.947 [info] ExtensionService#_doActivateExtension vscode.json-language-features, startup: false, activationEvent: 'onLanguage:jsonc'
2024-10-24 07:06:16.948 [info] ExtensionService#_doActivateExtension vscode.typescript-language-features, startup: false, activationEvent: 'onLanguage:jsonc'
2024-10-24 07:06:16.949 [error] No bundle location found for extension vscode.merge-conflict
2024-10-24 07:06:16.982 [warning] Using default string since no string found in i18n bundle that has the key: (Current Change)
2024-10-24 07:06:16.983 [warning] Using default string since no string found in i18n bundle that has the key: (Incoming Change)
2024-10-24 07:06:16.998 [warning] Using default string since no string found in i18n bundle that has the key: (Current Change)
2024-10-24 07:06:16.998 [warning] Using default string since no string found in i18n bundle that has the key: (Incoming Change)
2024-10-24 07:06:17.631 [error] No bundle location found for extension vscode.json-language-features
2024-10-24 07:06:17.722 [warning] Using default string since no string found in i18n bundle that has the key: Configure
2024-10-24 07:06:17.722 [warning] Using default string since no string found in i18n bundle that has the key: JSON Language Server
2024-10-24 07:06:17.740 [error] No bundle location found for extension vscode.typescript-language-features
2024-10-24 07:06:17.811 [warning] Using default string since no string found in i18n bundle that has the key: Learn more about managing TypeScript versions
2024-10-24 07:06:17.897 [warning] Using default string since no string found in i18n bundle that has the key: JSON: Schema Resolution Error
2024-10-24 07:06:18.307 [warning] Using default string since no string found in i18n bundle that has the key: Unable to resolve schema. Click to retry.
2024-10-24 07:06:18.307 [warning] Using default string since no string found in i18n bundle that has the key: JSON Validation Status
2024-10-24 07:06:18.308 [warning] Using default string since no string found in i18n bundle that has the key: Unable to compute used schemas: No document
2024-10-24 07:13:25.242 [info] Extension host terminating: received terminate message from renderer
2024-10-24 07:13:25.243 [info] Lock '/home/a20490715/.codeoss/data/User/workspaceStorage/5dfaec63/vscode.lock': Marking the lockfile as scheduled to be released in 6000 ms.
2024-10-24 07:13:25.273 [info] Extension host with pid 1234 exiting with code 0
