2024-10-26 03:31:06.302 [info] Log level: Info
2024-10-26 03:31:06.302 [info] Validating found git in: "git"
2024-10-26 03:31:06.302 [info] Using git "2.43.0" from "git"
2024-10-26 03:31:06.302 [info] > git rev-parse --show-toplevel [18ms]
2024-10-26 03:31:06.302 [info] fatal: not a git repository (or any parent up to mount point /)
Stopping at filesystem boundary (GIT_DISCOVERY_ACROSS_FILESYSTEM not set).
2024-10-26 03:31:06.302 [info] > git rev-parse --show-toplevel [2ms]
2024-10-26 03:31:06.302 [info] fatal: not a git repository (or any parent up to mount point /)
Stopping at filesystem boundary (GIT_DISCOVERY_ACROSS_FILESYSTEM not set).
2024-10-26 03:31:06.302 [info] > git rev-parse --show-toplevel [2ms]
2024-10-26 03:31:06.302 [info] fatal: not a git repository (or any parent up to mount point /)
Stopping at filesystem boundary (GIT_DISCOVERY_ACROSS_FILESYSTEM not set).
2024-10-26 03:31:06.303 [info] > git rev-parse --show-toplevel [1ms]
2024-10-26 03:31:06.303 [info] fatal: not a git repository (or any parent up to mount point /)
Stopping at filesystem boundary (GIT_DISCOVERY_ACROSS_FILESYSTEM not set).
2024-10-26 03:31:06.303 [info] > git rev-parse --show-toplevel [1ms]
2024-10-26 03:31:06.303 [info] fatal: not a git repository (or any parent up to mount point /)
Stopping at filesystem boundary (GIT_DISCOVERY_ACROSS_FILESYSTEM not set).
2024-10-26 03:31:06.303 [info] > git rev-parse --show-toplevel [2ms]
2024-10-26 03:31:06.303 [info] fatal: not a git repository (or any parent up to mount point /)
Stopping at filesystem boundary (GIT_DISCOVERY_ACROSS_FILESYSTEM not set).
2024-10-26 03:31:06.303 [info] > git rev-parse --show-toplevel [4ms]
2024-10-26 03:31:06.303 [info] fatal: not a git repository (or any parent up to mount point /)
Stopping at filesystem boundary (GIT_DISCOVERY_ACROSS_FILESYSTEM not set).
2024-10-26 03:31:06.304 [info] > git rev-parse --show-toplevel [2ms]
2024-10-26 03:31:06.304 [info] fatal: not a git repository (or any parent up to mount point /)
Stopping at filesystem boundary (GIT_DISCOVERY_ACROSS_FILESYSTEM not set).
2024-10-26 03:31:06.312 [info] > git rev-parse --show-toplevel [1ms]
2024-10-26 03:31:06.312 [info] fatal: not a git repository (or any parent up to mount point /)
Stopping at filesystem boundary (GIT_DISCOVERY_ACROSS_FILESYSTEM not set).
2024-10-26 03:35:41.007 [info] > git rev-parse --show-toplevel [3ms]
2024-10-26 03:35:41.007 [info] fatal: not a git repository (or any parent up to mount point /)
Stopping at filesystem boundary (GIT_DISCOVERY_ACROSS_FILESYSTEM not set).
