2024-10-24 07:11:36.865 [info] Extension host with pid 1381 started
2024-10-24 07:11:36.866 [error] Error: EEXIST: file already exists, open '/home/a20490715/.codeoss/data/User/workspaceStorage/5dfaec63/vscode.lock'
2024-10-24 07:11:36.871 [info] Lock '/home/a20490715/.codeoss/data/User/workspaceStorage/5dfaec63/vscode.lock': Could not acquire lock, checking if the file is stale.
2024-10-24 07:11:36.876 [info] Lock '/home/a20490715/.codeoss/data/User/workspaceStorage/5dfaec63/vscode.lock': The lock does not look stale, elapsed: 514 ms, giving up.
2024-10-24 07:11:36.894 [info] Lock '/home/a20490715/.codeoss/data/User/workspaceStorage/5dfaec63-1/vscode.lock': Lock acquired.
2024-10-24 07:11:37.051 [info] ExtensionService#_doActivateExtension vscode.git-base, startup: true, activationEvent: '*', root cause: vscode.git
2024-10-24 07:11:38.436 [error] No bundle location found for extension vscode.git-base
2024-10-24 07:11:38.443 [info] ExtensionService#_doActivateExtension vscode.git, startup: true, activationEvent: '*'
2024-10-24 07:11:38.444 [info] ExtensionService#_doActivateExtension vscode.github, startup: true, activationEvent: '*'
2024-10-24 07:11:38.824 [error] No bundle location found for extension vscode.git
2024-10-24 07:11:38.922 [warning] Using default string since no string found in i18n bundle that has the key: Log level: {0}
2024-10-24 07:11:38.938 [warning] Using default string since no string found in i18n bundle that has the key: Validating found git in: "{0}"
2024-10-24 07:11:38.953 [warning] Using default string since no string found in i18n bundle that has the key: Enables the following features: {0}
2024-10-24 07:11:38.954 [warning] Using default string since no string found in i18n bundle that has the key: Using git "{0}" from "{1}"
2024-10-24 07:11:38.968 [warning] Using default string since no string found in i18n bundle that has the key: Git History
2024-10-24 07:11:38.985 [error] No bundle location found for extension vscode.github
2024-10-24 07:11:39.027 [warning] Using default string since no string found in i18n bundle that has the key: Log level: {0}
2024-10-24 07:11:39.031 [warning] Using default string since no string found in i18n bundle that has the key: Copy vscode.dev Link
2024-10-24 07:11:39.032 [info] Eager extensions activated
2024-10-24 07:11:39.033 [info] ExtensionService#_doActivateExtension EditorConfig.EditorConfig, startup: false, activationEvent: 'onStartupFinished'
2024-10-24 07:11:39.033 [info] ExtensionService#_doActivateExtension google.cloud-shell, startup: false, activationEvent: 'onStartupFinished'
2024-10-24 07:11:39.034 [info] ExtensionService#_doActivateExtension googlecloudtools.cloudcode, startup: false, activationEvent: 'onStartupFinished'
2024-10-24 07:11:39.034 [info] ExtensionService#_doActivateExtension vscode.debug-auto-launch, startup: false, activationEvent: 'onStartupFinished'
2024-10-24 07:11:39.035 [info] ExtensionService#_doActivateExtension vscode.merge-conflict, startup: false, activationEvent: 'onStartupFinished'
2024-10-24 07:11:39.381 [error] No bundle location found for extension EditorConfig.EditorConfig
2024-10-24 07:11:39.471 [error] No bundle location found for extension googlecloudtools.cloudcode
2024-10-24 07:11:41.852 [error] No bundle location found for extension google.cloud-shell
2024-10-24 07:11:41.852 [error] No bundle location found for extension vscode.merge-conflict
2024-10-24 07:11:41.852 [error] No bundle location found for extension vscode.debug-auto-launch
2024-10-24 07:11:41.914 [warning] Using default string since no string found in i18n bundle that has the key: Auto Attach: Disabled
2024-10-24 07:11:41.915 [warning] Using default string since no string found in i18n bundle that has the key: Auto Attach: Always
2024-10-24 07:11:41.916 [warning] Using default string since no string found in i18n bundle that has the key: Auto Attach: Smart
2024-10-24 07:11:41.917 [warning] Using default string since no string found in i18n bundle that has the key: Auto Attach: With Flag
2024-10-24 07:11:41.917 [warning] Using default string since no string found in i18n bundle that has the key: Disabled
2024-10-24 07:11:41.917 [warning] Using default string since no string found in i18n bundle that has the key: Always
2024-10-24 07:11:41.917 [warning] Using default string since no string found in i18n bundle that has the key: Smart
2024-10-24 07:11:41.917 [warning] Using default string since no string found in i18n bundle that has the key: Only With Flag
2024-10-24 07:11:41.917 [warning] Using default string since no string found in i18n bundle that has the key: Auto attach is disabled and not shown in status bar
2024-10-24 07:11:41.917 [warning] Using default string since no string found in i18n bundle that has the key: Auto attach to every Node.js process launched in the terminal
2024-10-24 07:11:41.917 [warning] Using default string since no string found in i18n bundle that has the key: Auto attach when running scripts that aren't in a node_modules folder
2024-10-24 07:11:41.917 [warning] Using default string since no string found in i18n bundle that has the key: Only auto attach when the `--inspect` flag is given
2024-10-24 07:11:41.917 [warning] Using default string since no string found in i18n bundle that has the key: Toggle auto attach in this workspace
2024-10-24 07:11:41.917 [warning] Using default string since no string found in i18n bundle that has the key: Toggle auto attach on this machine
2024-10-24 07:11:41.917 [warning] Using default string since no string found in i18n bundle that has the key: Temporarily disable auto attach in this session
2024-10-24 07:11:41.917 [warning] Using default string since no string found in i18n bundle that has the key: Re-enable auto attach
2024-10-24 07:11:41.917 [warning] Using default string since no string found in i18n bundle that has the key: Auto Attach: Disabled
2024-10-24 07:11:41.923 [warning] Using default string since no string found in i18n bundle that has the key: (Current Change)
2024-10-24 07:11:41.923 [warning] Using default string since no string found in i18n bundle that has the key: (Incoming Change)
2024-10-24 07:11:42.000 [info] ExtensionService#_doActivateExtension vscode.json-language-features, startup: false, activationEvent: 'onLanguage:jsonc'
2024-10-24 07:11:42.002 [info] ExtensionService#_doActivateExtension vscode.typescript-language-features, startup: false, activationEvent: 'onLanguage:jsonc'
2024-10-24 07:11:42.004 [info] ExtensionService#_doActivateExtension vscode.emmet, startup: false, activationEvent: 'onLanguage'
2024-10-24 07:11:42.373 [error] No bundle location found for extension vscode.json-language-features
2024-10-24 07:11:42.460 [warning] Using default string since no string found in i18n bundle that has the key: Configure
2024-10-24 07:11:42.461 [warning] Using default string since no string found in i18n bundle that has the key: JSON Language Server
2024-10-24 07:11:42.479 [error] No bundle location found for extension vscode.typescript-language-features
2024-10-24 07:11:42.480 [error] No bundle location found for extension vscode.emmet
2024-10-24 07:11:42.544 [warning] Using default string since no string found in i18n bundle that has the key: Learn more about managing TypeScript versions
2024-10-24 07:11:42.616 [warning] Using default string since no string found in i18n bundle that has the key: JSON: Schema Resolution Error
2024-10-24 07:11:42.849 [warning] Using default string since no string found in i18n bundle that has the key: Unable to resolve schema. Click to retry.
2024-10-24 07:11:42.850 [warning] Using default string since no string found in i18n bundle that has the key: JSON Validation Status
2024-10-24 07:11:42.851 [warning] Using default string since no string found in i18n bundle that has the key: Unable to compute used schemas: No document
2024-10-24 07:15:32.221 [info] Extension host terminating: received terminate message from renderer
2024-10-24 07:15:32.222 [info] Lock '/home/a20490715/.codeoss/data/User/workspaceStorage/5dfaec63-1/vscode.lock': Marking the lockfile as scheduled to be released in 6000 ms.
2024-10-24 07:15:32.262 [info] Extension host with pid 1381 exiting with code 0
