2024-10-24 15:28:06.136 [info] Extension host with pid 1242 started
2024-10-24 15:28:06.275 [info] ExtensionService#_doActivateExtension vscode.git-base, startup: true, activationEvent: '*', root cause: vscode.git
2024-10-24 15:28:07.781 [error] No bundle location found for extension vscode.git-base
2024-10-24 15:28:07.789 [info] ExtensionService#_doActivateExtension vscode.git, startup: true, activationEvent: '*'
2024-10-24 15:28:07.790 [info] ExtensionService#_doActivateExtension vscode.github, startup: true, activationEvent: '*'
2024-10-24 15:28:08.155 [error] No bundle location found for extension vscode.git
2024-10-24 15:28:08.251 [warning] Using default string since no string found in i18n bundle that has the key: Log level: {0}
2024-10-24 15:28:08.262 [warning] Using default string since no string found in i18n bundle that has the key: Validating found git in: "{0}"
2024-10-24 15:28:08.292 [error] No bundle location found for extension vscode.github
2024-10-24 15:28:08.330 [warning] Using default string since no string found in i18n bundle that has the key: Log level: {0}
2024-10-24 15:28:08.339 [warning] Using default string since no string found in i18n bundle that has the key: Enables the following features: {0}
2024-10-24 15:28:08.339 [warning] Using default string since no string found in i18n bundle that has the key: Using git "{0}" from "{1}"
2024-10-24 15:28:08.349 [warning] Using default string since no string found in i18n bundle that has the key: Git History
2024-10-24 15:28:08.355 [warning] Using default string since no string found in i18n bundle that has the key: Copy vscode.dev Link
2024-10-24 15:28:08.355 [info] Eager extensions activated
2024-10-24 15:28:08.355 [info] ExtensionService#_doActivateExtension EditorConfig.EditorConfig, startup: false, activationEvent: 'onStartupFinished'
2024-10-24 15:28:08.356 [info] ExtensionService#_doActivateExtension google.cloud-shell, startup: false, activationEvent: 'onStartupFinished'
2024-10-24 15:28:08.356 [info] ExtensionService#_doActivateExtension googlecloudtools.cloudcode, startup: false, activationEvent: 'onStartupFinished'
2024-10-24 15:28:08.356 [info] ExtensionService#_doActivateExtension vscode.debug-auto-launch, startup: false, activationEvent: 'onStartupFinished'
2024-10-24 15:28:08.357 [info] ExtensionService#_doActivateExtension vscode.merge-conflict, startup: false, activationEvent: 'onStartupFinished'
2024-10-24 15:28:08.781 [error] No bundle location found for extension EditorConfig.EditorConfig
2024-10-24 15:28:08.867 [error] No bundle location found for extension google.cloud-shell
2024-10-24 15:28:08.914 [error] No bundle location found for extension googlecloudtools.cloudcode
2024-10-24 15:28:11.306 [info] ExtensionService#_doActivateExtension vscode.json-language-features, startup: false, activationEvent: 'onLanguage:jsonc'
2024-10-24 15:28:11.307 [info] ExtensionService#_doActivateExtension vscode.typescript-language-features, startup: false, activationEvent: 'onLanguage:jsonc'
2024-10-24 15:28:11.309 [info] ExtensionService#_doActivateExtension vscode.emmet, startup: false, activationEvent: 'onLanguage'
2024-10-24 15:28:11.309 [error] No bundle location found for extension vscode.merge-conflict
2024-10-24 15:28:11.309 [error] No bundle location found for extension vscode.debug-auto-launch
2024-10-24 15:28:11.340 [warning] Using default string since no string found in i18n bundle that has the key: Auto Attach: Disabled
2024-10-24 15:28:11.340 [warning] Using default string since no string found in i18n bundle that has the key: Auto Attach: Always
2024-10-24 15:28:11.341 [warning] Using default string since no string found in i18n bundle that has the key: Auto Attach: Smart
2024-10-24 15:28:11.341 [warning] Using default string since no string found in i18n bundle that has the key: Auto Attach: With Flag
2024-10-24 15:28:11.341 [warning] Using default string since no string found in i18n bundle that has the key: Disabled
2024-10-24 15:28:11.341 [warning] Using default string since no string found in i18n bundle that has the key: Always
2024-10-24 15:28:11.341 [warning] Using default string since no string found in i18n bundle that has the key: Smart
2024-10-24 15:28:11.341 [warning] Using default string since no string found in i18n bundle that has the key: Only With Flag
2024-10-24 15:28:11.341 [warning] Using default string since no string found in i18n bundle that has the key: Auto attach is disabled and not shown in status bar
2024-10-24 15:28:11.341 [warning] Using default string since no string found in i18n bundle that has the key: Auto attach to every Node.js process launched in the terminal
2024-10-24 15:28:11.341 [warning] Using default string since no string found in i18n bundle that has the key: Auto attach when running scripts that aren't in a node_modules folder
2024-10-24 15:28:11.341 [warning] Using default string since no string found in i18n bundle that has the key: Only auto attach when the `--inspect` flag is given
2024-10-24 15:28:11.341 [warning] Using default string since no string found in i18n bundle that has the key: Toggle auto attach in this workspace
2024-10-24 15:28:11.341 [warning] Using default string since no string found in i18n bundle that has the key: Toggle auto attach on this machine
2024-10-24 15:28:11.341 [warning] Using default string since no string found in i18n bundle that has the key: Temporarily disable auto attach in this session
2024-10-24 15:28:11.341 [warning] Using default string since no string found in i18n bundle that has the key: Re-enable auto attach
2024-10-24 15:28:11.341 [warning] Using default string since no string found in i18n bundle that has the key: Auto Attach: Disabled
2024-10-24 15:28:11.344 [warning] Using default string since no string found in i18n bundle that has the key: (Current Change)
2024-10-24 15:28:11.344 [warning] Using default string since no string found in i18n bundle that has the key: (Incoming Change)
2024-10-24 15:28:11.364 [warning] Using default string since no string found in i18n bundle that has the key: (Current Change)
2024-10-24 15:28:11.364 [warning] Using default string since no string found in i18n bundle that has the key: (Incoming Change)
2024-10-24 15:28:11.764 [error] No bundle location found for extension vscode.typescript-language-features
2024-10-24 15:28:11.831 [warning] Using default string since no string found in i18n bundle that has the key: Learn more about managing TypeScript versions
2024-10-24 15:28:11.856 [error] No bundle location found for extension vscode.json-language-features
2024-10-24 15:28:11.856 [error] No bundle location found for extension vscode.emmet
2024-10-24 15:28:11.928 [warning] Using default string since no string found in i18n bundle that has the key: Configure
2024-10-24 15:28:11.929 [warning] Using default string since no string found in i18n bundle that has the key: JSON Language Server
2024-10-24 15:28:12.025 [warning] Using default string since no string found in i18n bundle that has the key: JSON: Schema Resolution Error
2024-10-24 15:28:12.197 [warning] Using default string since no string found in i18n bundle that has the key: Unable to resolve schema. Click to retry.
2024-10-24 15:28:12.198 [warning] Using default string since no string found in i18n bundle that has the key: JSON Validation Status
2024-10-24 15:28:12.198 [warning] Using default string since no string found in i18n bundle that has the key: Unable to compute used schemas: No document
2024-10-24 15:38:58.408 [info] Extension host terminating: received terminate message from renderer
2024-10-24 15:38:58.436 [info] Extension host with pid 1242 exiting with code 0
