2024-10-26 03:30:59.846 [info] Extension host with pid 2038 started
2024-10-26 03:30:59.879 [info] Lock '/home/a20490715/.codeoss/data/User/workspaceStorage/5dfaec63/vscode.lock': Lock acquired.
2024-10-26 03:31:01.772 [info] ExtensionService#_doActivateExtension vscode.git-base, startup: true, activationEvent: '*', root cause: vscode.git
2024-10-26 03:31:03.215 [error] No bundle location found for extension vscode.git-base
2024-10-26 03:31:03.224 [info] ExtensionService#_doActivateExtension vscode.git, startup: true, activationEvent: '*'
2024-10-26 03:31:03.224 [info] ExtensionService#_doActivateExtension vscode.github, startup: true, activationEvent: '*'
2024-10-26 03:31:06.038 [error] No bundle location found for extension vscode.git
2024-10-26 03:31:06.140 [warning] Using default string since no string found in i18n bundle that has the key: Log level: {0}
2024-10-26 03:31:06.151 [warning] Using default string since no string found in i18n bundle that has the key: Validating found git in: "{0}"
2024-10-26 03:31:06.188 [warning] Using default string since no string found in i18n bundle that has the key: Enables the following features: {0}
2024-10-26 03:31:06.188 [warning] Using default string since no string found in i18n bundle that has the key: Using git "{0}" from "{1}"
2024-10-26 03:31:06.203 [warning] Using default string since no string found in i18n bundle that has the key: Git History
2024-10-26 03:31:07.102 [error] No bundle location found for extension vscode.github
2024-10-26 03:31:07.141 [warning] Using default string since no string found in i18n bundle that has the key: Log level: {0}
2024-10-26 03:31:07.145 [warning] Using default string since no string found in i18n bundle that has the key: Copy vscode.dev Link
2024-10-26 03:31:08.775 [info] Not activating extension 'hashicorp.terraform': Timed out while searching for 'workspaceContains' pattern **/*.tf,**/*.tfvars
2024-10-26 03:31:08.777 [info] Not activating extension 'redhat.fabric8-analytics': Timed out while searching for 'workspaceContains' pattern **/package.json,**/pom.xml,**/go.mod,**/requirements.txt
2024-10-26 03:31:08.777 [info] Not activating extension 'redhat.java': Timed out while searching for 'workspaceContains' pattern */pom.xml,*/build.gradle,*/settings.gradle,*/build.gradle.kts,*/settings.gradle.kts,*/.classpath
2024-10-26 03:31:08.777 [info] Not activating extension 'vscjava.vscode-java-dependency': Timed out while searching for 'workspaceContains' pattern */pom.xml,*/build.gradle,*/settings.gradle,*/build.gradle.kts,*/settings.gradle.kts,*/.classpath
2024-10-26 03:31:08.777 [info] Not activating extension 'vscjava.vscode-java-test': Timed out while searching for 'workspaceContains' pattern */pom.xml,*/build.gradle,*/settings.gradle,*/build.gradle.kts,*/settings.gradle.kts,*/.classpath
2024-10-26 03:31:08.777 [info] Not activating extension 'vscjava.vscode-maven': Timed out while searching for 'workspaceContains' pattern **/pom.xml
2024-10-26 03:31:08.964 [info] Eager extensions activated
2024-10-26 03:31:08.964 [info] ExtensionService#_doActivateExtension EditorConfig.EditorConfig, startup: false, activationEvent: 'onStartupFinished'
2024-10-26 03:31:08.965 [info] ExtensionService#_doActivateExtension google.cloud-shell, startup: false, activationEvent: 'onStartupFinished'
2024-10-26 03:31:08.965 [info] ExtensionService#_doActivateExtension googlecloudtools.cloudcode, startup: false, activationEvent: 'onStartupFinished'
2024-10-26 03:31:08.966 [info] ExtensionService#_doActivateExtension vscode.debug-auto-launch, startup: false, activationEvent: 'onStartupFinished'
2024-10-26 03:31:08.966 [info] ExtensionService#_doActivateExtension vscode.merge-conflict, startup: false, activationEvent: 'onStartupFinished'
2024-10-26 03:31:10.203 [error] No bundle location found for extension EditorConfig.EditorConfig
2024-10-26 03:31:10.203 [error] No bundle location found for extension google.cloud-shell
2024-10-26 03:31:10.203 [error] No bundle location found for extension googlecloudtools.cloudcode
2024-10-26 03:31:10.203 [error] No bundle location found for extension vscode.debug-auto-launch
2024-10-26 03:31:10.203 [error] No bundle location found for extension vscode.merge-conflict
2024-10-26 03:31:12.482 [warning] Using default string since no string found in i18n bundle that has the key: Auto Attach: Disabled
2024-10-26 03:31:12.482 [warning] Using default string since no string found in i18n bundle that has the key: Auto Attach: Always
2024-10-26 03:31:12.482 [warning] Using default string since no string found in i18n bundle that has the key: Auto Attach: Smart
2024-10-26 03:31:12.482 [warning] Using default string since no string found in i18n bundle that has the key: Auto Attach: With Flag
2024-10-26 03:31:12.482 [warning] Using default string since no string found in i18n bundle that has the key: Disabled
2024-10-26 03:31:12.482 [warning] Using default string since no string found in i18n bundle that has the key: Always
2024-10-26 03:31:12.482 [warning] Using default string since no string found in i18n bundle that has the key: Smart
2024-10-26 03:31:12.482 [warning] Using default string since no string found in i18n bundle that has the key: Only With Flag
2024-10-26 03:31:12.482 [warning] Using default string since no string found in i18n bundle that has the key: Auto attach is disabled and not shown in status bar
2024-10-26 03:31:12.483 [warning] Using default string since no string found in i18n bundle that has the key: Auto attach to every Node.js process launched in the terminal
2024-10-26 03:31:12.483 [warning] Using default string since no string found in i18n bundle that has the key: Auto attach when running scripts that aren't in a node_modules folder
2024-10-26 03:31:12.483 [warning] Using default string since no string found in i18n bundle that has the key: Only auto attach when the `--inspect` flag is given
2024-10-26 03:31:12.483 [warning] Using default string since no string found in i18n bundle that has the key: Toggle auto attach in this workspace
2024-10-26 03:31:12.483 [warning] Using default string since no string found in i18n bundle that has the key: Toggle auto attach on this machine
2024-10-26 03:31:12.483 [warning] Using default string since no string found in i18n bundle that has the key: Temporarily disable auto attach in this session
2024-10-26 03:31:12.483 [warning] Using default string since no string found in i18n bundle that has the key: Re-enable auto attach
2024-10-26 03:31:12.483 [warning] Using default string since no string found in i18n bundle that has the key: Auto Attach: Disabled
2024-10-26 03:31:12.611 [warning] Using default string since no string found in i18n bundle that has the key: (Current Change)
2024-10-26 03:31:12.612 [warning] Using default string since no string found in i18n bundle that has the key: (Incoming Change)
2024-10-26 03:31:12.790 [info] ExtensionService#_doActivateExtension vscode.json-language-features, startup: false, activationEvent: 'onLanguage:jsonc'
2024-10-26 03:31:12.791 [info] ExtensionService#_doActivateExtension vscode.typescript-language-features, startup: false, activationEvent: 'onLanguage:jsonc'
2024-10-26 03:31:12.792 [info] ExtensionService#_doActivateExtension vscode.emmet, startup: false, activationEvent: 'onLanguage'
2024-10-26 03:31:16.351 [error] No bundle location found for extension vscode.typescript-language-features
2024-10-26 03:31:16.351 [error] No bundle location found for extension vscode.emmet
2024-10-26 03:31:16.420 [warning] Using default string since no string found in i18n bundle that has the key: Learn more about managing TypeScript versions
2024-10-26 03:31:17.959 [error] No bundle location found for extension vscode.json-language-features
2024-10-26 03:31:18.125 [warning] Using default string since no string found in i18n bundle that has the key: Configure
2024-10-26 03:31:18.126 [warning] Using default string since no string found in i18n bundle that has the key: JSON Language Server
2024-10-26 03:31:18.188 [warning] Using default string since no string found in i18n bundle that has the key: JSON: Schema Resolution Error
2024-10-26 03:31:18.481 [warning] Using default string since no string found in i18n bundle that has the key: Unable to resolve schema. Click to retry.
2024-10-26 03:31:18.493 [warning] Using default string since no string found in i18n bundle that has the key: JSON Validation Status
2024-10-26 03:31:18.494 [warning] Using default string since no string found in i18n bundle that has the key: Unable to compute used schemas: No document
2024-10-26 03:35:40.957 [warning] Using default string since no string found in i18n bundle that has the key: (Current Change)
2024-10-26 03:35:40.957 [warning] Using default string since no string found in i18n bundle that has the key: (Incoming Change)
2024-10-26 04:21:07.279 [info] Extension host terminating: received terminate message from renderer
2024-10-26 04:21:07.280 [info] Lock '/home/a20490715/.codeoss/data/User/workspaceStorage/5dfaec63/vscode.lock': Marking the lockfile as scheduled to be released in 6000 ms.
2024-10-26 04:21:07.311 [info] Extension host with pid 2038 exiting with code 0
