2024-10-24 07:06:14.051 [info] Log level: Info
2024-10-24 07:06:14.051 [info] Validating found git in: "git"
2024-10-24 07:06:14.051 [info] Using git "2.43.0" from "git"
2024-10-24 07:06:14.051 [info] > git rev-parse --show-toplevel [5ms]
2024-10-24 07:06:14.051 [info] fatal: not a git repository (or any parent up to mount point /)
Stopping at filesystem boundary (GIT_DISCOVERY_ACROSS_FILESYSTEM not set).
2024-10-24 07:06:14.060 [info] > git rev-parse --show-toplevel [2ms]
2024-10-24 07:06:14.060 [info] fatal: not a git repository (or any parent up to mount point /)
Stopping at filesystem boundary (GIT_DISCOVERY_ACROSS_FILESYSTEM not set).
2024-10-24 07:06:14.069 [info] > git rev-parse --show-toplevel [2ms]
2024-10-24 07:06:14.069 [info] fatal: not a git repository (or any parent up to mount point /)
Stopping at filesystem boundary (GIT_DISCOVERY_ACROSS_FILESYSTEM not set).
2024-10-24 07:06:14.078 [info] > git rev-parse --show-toplevel [1ms]
2024-10-24 07:06:14.078 [info] fatal: not a git repository (or any parent up to mount point /)
Stopping at filesystem boundary (GIT_DISCOVERY_ACROSS_FILESYSTEM not set).
2024-10-24 07:06:14.087 [info] > git rev-parse --show-toplevel [2ms]
2024-10-24 07:06:14.087 [info] fatal: not a git repository (or any parent up to mount point /)
Stopping at filesystem boundary (GIT_DISCOVERY_ACROSS_FILESYSTEM not set).
2024-10-24 07:06:14.095 [info] > git rev-parse --show-toplevel [2ms]
2024-10-24 07:06:14.095 [info] fatal: not a git repository (or any parent up to mount point /)
Stopping at filesystem boundary (GIT_DISCOVERY_ACROSS_FILESYSTEM not set).
2024-10-24 07:06:17.031 [info] > git rev-parse --show-toplevel [14ms]
2024-10-24 07:06:17.032 [info] fatal: not a git repository (or any parent up to mount point /)
Stopping at filesystem boundary (GIT_DISCOVERY_ACROSS_FILESYSTEM not set).
